2025-04-08 01:41:40.509155 - Received CBT.V508.FILE099.PDS from FILE099.XMI 
2025-04-08 01:41:40.516308 - Found $$$#DATE.txt (text/plain) in CBT.V508.FILE099.PDS, moved to PDS/$$$#DATE
2025-04-08 01:41:40.519056 - Found @FILE099.txt (text/plain) in CBT.V508.FILE099.PDS, moved to PDS/@FILE099
2025-04-08 01:41:40.521219 - Found ADDCOMMA.rexx (text/plain) in CBT.V508.FILE099.PDS, moved to PDS/ADDCOMMA
2025-04-08 01:41:40.523069 - Found DISPDD.rexx (text/plain) in CBT.V508.FILE099.PDS, moved to PDS/DISPDD
2025-04-08 01:41:40.524692 - Found DOALLEM.rexx (text/plain) in CBT.V508.FILE099.PDS, moved to PDS/DOALLEM
2025-04-08 01:41:40.526125 - Found EHEX.rexx (text/plain) in CBT.V508.FILE099.PDS, moved to PDS/EHEX
2025-04-08 01:41:40.527588 - Found EXIST.rexx (text/plain) in CBT.V508.FILE099.PDS, moved to PDS/EXIST
2025-04-08 01:41:40.528888 - Found GETIPLDT.rexx (text/plain) in CBT.V508.FILE099.PDS, moved to PDS/GETIPLDT
2025-04-08 01:41:40.530412 - Found GETJOBID.rexx (text/plain) in CBT.V508.FILE099.PDS, moved to PDS/GETJOBID
2025-04-08 01:41:40.531891 - Found GREPZOS.txt (text/plain) in CBT.V508.FILE099.PDS, moved to PDS/GREPZOS
2025-04-08 01:41:40.535895 - Found HEAPSORT.rexx (text/plain) in CBT.V508.FILE099.PDS, moved to PDS/HEAPSORT
2025-04-08 01:41:40.537396 - Found LABDEL.rexx (text/plain) in CBT.V508.FILE099.PDS, moved to PDS/LABDEL
2025-04-08 01:41:40.538708 - Found SLEEP.rexx (text/plain) in CBT.V508.FILE099.PDS, moved to PDS/SLEEP
2025-04-08 01:41:40.540024 - Found SORTBPX.rexx (text/plain) in CBT.V508.FILE099.PDS, moved to PDS/SORTBPX
2025-04-08 01:41:40.541333 - Found SRCHANYC.txt (text/plain) in CBT.V508.FILE099.PDS, moved to PDS/SRCHANYC
2025-04-08 01:41:40.542749 - Found STEMSORT.rexx (text/plain) in CBT.V508.FILE099.PDS, moved to PDS/STEMSORT
2025-04-08 01:41:40.544280 - Found SWAPEQ.rexx (text/plain) in CBT.V508.FILE099.PDS, moved to PDS/SWAPEQ
2025-04-08 01:41:40.545578 - Found TESTUID0.txt (text/plain) in CBT.V508.FILE099.PDS, moved to PDS/TESTUID0
2025-04-08 01:41:40.547183 - Found TSO8.rexx (text/plain) in CBT.V508.FILE099.PDS, moved to PDS/TSO8
2025-04-08 01:41:40.548826 - Found WHOSON.rexx (text/plain) in CBT.V508.FILE099.PDS, moved to PDS/WHOSON
